[0.705s] Invoking command in '/home/mayuresh/turtlebot3_ws/src/my_explorer': PYTHONPATH=/home/mayuresh/turtlebot3_ws/src/my_explorer/build/my_explorer/prefix_override:/usr/lib/python3/dist-packages/colcon_core/task/python/colcon_distutils_commands:/home/mayuresh/turtlebot3_ws/src/my_explorer/install/my_explorer/lib/python3.10/site-packages:${PYTHONPATH} /usr/bin/python3 -W ignore:setup.py install is deprecated -W ignore:easy_install command is deprecated setup.py egg_info --egg-base build/my_explorer build --build-base /home/mayuresh/turtlebot3_ws/src/my_explorer/build/my_explorer/build install --record /home/mayuresh/turtlebot3_ws/src/my_explorer/build/my_explorer/install.log --single-version-externally-managed install_data
[0.970s] running egg_info
[0.971s] writing build/my_explorer/my_explorer.egg-info/PKG-INFO
[0.971s] writing dependency_links to build/my_explorer/my_explorer.egg-info/dependency_links.txt
[0.971s] writing entry points to build/my_explorer/my_explorer.egg-info/entry_points.txt
[0.971s] writing requirements to build/my_explorer/my_explorer.egg-info/requires.txt
[0.971s] writing top-level names to build/my_explorer/my_explorer.egg-info/top_level.txt
[0.973s] reading manifest file 'build/my_explorer/my_explorer.egg-info/SOURCES.txt'
[0.974s] writing manifest file 'build/my_explorer/my_explorer.egg-info/SOURCES.txt'
[0.974s] running build
[0.974s] running build_py
[0.974s] running install
[0.974s] running install_lib
[0.976s] running install_data
[0.976s] copying config/nav2_params.yaml -> /home/mayuresh/turtlebot3_ws/src/my_explorer/install/my_explorer/share/my_explorer/config
[0.976s] running install_egg_info
[0.978s] removing '/home/mayuresh/turtlebot3_ws/src/my_explorer/install/my_explorer/lib/python3.10/site-packages/my_explorer-0.0.0-py3.10.egg-info' (and everything under it)
[0.978s] Copying build/my_explorer/my_explorer.egg-info to /home/mayuresh/turtlebot3_ws/src/my_explorer/install/my_explorer/lib/python3.10/site-packages/my_explorer-0.0.0-py3.10.egg-info
[0.978s] running install_scripts
[1.000s] Installing run_explorer script to /home/mayuresh/turtlebot3_ws/src/my_explorer/install/my_explorer/lib/my_explorer
[1.000s] writing list of installed files to '/home/mayuresh/turtlebot3_ws/src/my_explorer/build/my_explorer/install.log'
[1.025s] Invoked command in '/home/mayuresh/turtlebot3_ws/src/my_explorer' returned '0': PYTHONPATH=/home/mayuresh/turtlebot3_ws/src/my_explorer/build/my_explorer/prefix_override:/usr/lib/python3/dist-packages/colcon_core/task/python/colcon_distutils_commands:/home/mayuresh/turtlebot3_ws/src/my_explorer/install/my_explorer/lib/python3.10/site-packages:${PYTHONPATH} /usr/bin/python3 -W ignore:setup.py install is deprecated -W ignore:easy_install command is deprecated setup.py egg_info --egg-base build/my_explorer build --build-base /home/mayuresh/turtlebot3_ws/src/my_explorer/build/my_explorer/build install --record /home/mayuresh/turtlebot3_ws/src/my_explorer/build/my_explorer/install.log --single-version-externally-managed install_data
