running egg_info
writing build/my_explorer/my_explorer.egg-info/PKG-INFO
writing dependency_links to build/my_explorer/my_explorer.egg-info/dependency_links.txt
writing entry points to build/my_explorer/my_explorer.egg-info/entry_points.txt
writing requirements to build/my_explorer/my_explorer.egg-info/requires.txt
writing top-level names to build/my_explorer/my_explorer.egg-info/top_level.txt
reading manifest file 'build/my_explorer/my_explorer.egg-info/SOURCES.txt'
writing manifest file 'build/my_explorer/my_explorer.egg-info/SOURCES.txt'
running build
running build_py
running install
running install_lib
running install_data
copying config/nav2_params.yaml -> /home/mayuresh/turtlebot3_ws/src/my_explorer/install/my_explorer/share/my_explorer/config
running install_egg_info
removing '/home/mayuresh/turtlebot3_ws/src/my_explorer/install/my_explorer/lib/python3.10/site-packages/my_explorer-0.0.0-py3.10.egg-info' (and everything under it)
Copying build/my_explorer/my_explorer.egg-info to /home/mayuresh/turtlebot3_ws/src/my_explorer/install/my_explorer/lib/python3.10/site-packages/my_explorer-0.0.0-py3.10.egg-info
running install_scripts
Installing run_explorer script to /home/mayuresh/turtlebot3_ws/src/my_explorer/install/my_explorer/lib/my_explorer
writing list of installed files to '/home/mayuresh/turtlebot3_ws/src/my_explorer/build/my_explorer/install.log'
