[0.196s] DEBUG:colcon:Command line arguments: ['/usr/bin/colcon', 'build', '--packages-select', 'my_explorer']
[0.196s] DEBUG:colcon:Parsed command line arguments: Namespace(log_base=None, log_level=None, verb_name='build', build_base='build', install_base='install', merge_install=False, symlink_install=False, test_result_base=None, continue_on_error=False, executor='parallel', parallel_workers=22, event_handlers=None, ignore_user_meta=False, metas=['./colcon.meta'], base_paths=['.'], packages_ignore=None, packages_ignore_regex=None, paths=None, packages_up_to=None, packages_up_to_regex=None, packages_above=None, packages_above_and_dependencies=None, packages_above_depth=None, packages_select_by_dep=None, packages_skip_by_dep=None, packages_skip_up_to=None, packages_select_build_failed=False, packages_skip_build_finished=False, packages_select_test_failures=False, packages_skip_test_passed=False, packages_select=['my_explorer'], packages_skip=None, packages_select_regex=None, packages_skip_regex=None, packages_start=None, packages_end=None, allow_overriding=[], cmake_args=None, cmake_target=None, cmake_target_skip_unavailable=False, cmake_clean_cache=False, cmake_clean_first=False, cmake_force_configure=False, ament_cmake_args=None, catkin_cmake_args=None, catkin_skip_building_tests=False, mixin_files=None, mixin=None, verb_parser=<colcon_mixin.mixin.mixin_argument.MixinArgumentDecorator object at 0x7fbde6579f60>, verb_extension=<colcon_core.verb.build.BuildVerb object at 0x7fbde6579ab0>, main=<bound method BuildVerb.main of <colcon_core.verb.build.BuildVerb object at 0x7fbde6579ab0>>, mixin_verb=('build',))
[0.438s] Level 1:colcon.colcon_core.package_discovery:discover_packages(colcon_meta) check parameters
[0.439s] Level 1:colcon.colcon_core.package_discovery:discover_packages(recursive) check parameters
[0.439s] Level 1:colcon.colcon_core.package_discovery:discover_packages(ignore) check parameters
[0.439s] Level 1:colcon.colcon_core.package_discovery:discover_packages(path) check parameters
[0.439s] Level 1:colcon.colcon_core.package_discovery:discover_packages(colcon_meta) discover
[0.439s] Level 1:colcon.colcon_core.package_discovery:discover_packages(recursive) discover
[0.439s] INFO:colcon.colcon_core.package_discovery:Crawling recursively for packages in '/home/mayuresh/turtlebot3_ws/src/my_explorer'
[0.439s] Level 1:colcon.colcon_core.package_identification:_identify(.) by extensions ['ignore', 'ignore_ament_install']
[0.439s] Level 1:colcon.colcon_core.package_identification:_identify(.) by extension 'ignore'
[0.439s] Level 1:colcon.colcon_core.package_identification:_identify(.) by extension 'ignore_ament_install'
[0.439s] Level 1:colcon.colcon_core.package_identification:_identify(.) by extensions ['colcon_pkg']
[0.439s] Level 1:colcon.colcon_core.package_identification:_identify(.) by extension 'colcon_pkg'
[0.440s] Level 1:colcon.colcon_core.package_identification:_identify(.) by extensions ['colcon_meta']
[0.440s] Level 1:colcon.colcon_core.package_identification:_identify(.) by extension 'colcon_meta'
[0.440s] Level 1:colcon.colcon_core.package_identification:_identify(.) by extensions ['ros']
[0.440s] Level 1:colcon.colcon_core.package_identification:_identify(.) by extension 'ros'
[0.503s] DEBUG:colcon.colcon_core.package_identification:Package '.' with type 'ros.ament_python' and name 'my_explorer'
[0.503s] Level 1:colcon.colcon_core.package_discovery:discover_packages(recursive) using defaults
[0.503s] Level 1:colcon.colcon_core.package_discovery:discover_packages(ignore) discover
[0.503s] Level 1:colcon.colcon_core.package_discovery:discover_packages(ignore) using defaults
[0.503s] Level 1:colcon.colcon_core.package_discovery:discover_packages(path) discover
[0.503s] Level 1:colcon.colcon_core.package_discovery:discover_packages(path) using defaults
[0.547s] Level 1:colcon.colcon_core.package_discovery:discover_packages(prefix_path) check parameters
[0.547s] Level 1:colcon.colcon_core.package_discovery:discover_packages(prefix_path) discover
[0.553s] DEBUG:colcon.colcon_installed_package_information.package_discovery:Found 25 installed packages in /home/mayuresh/turtlebot3_ws/install
[0.554s] DEBUG:colcon.colcon_installed_package_information.package_discovery:Found 1 installed packages in /home/mayuresh/turtlebot3_ws/src/aruco_detection/install
[0.555s] DEBUG:colcon.colcon_installed_package_information.package_discovery:Found 4 installed packages in /home/mayuresh/install
[0.557s] DEBUG:colcon.colcon_installed_package_information.package_discovery:Found 402 installed packages in /opt/ros/humble
[0.559s] Level 1:colcon.colcon_core.package_discovery:discover_packages(prefix_path) using defaults
[0.641s] Level 5:colcon.colcon_core.verb:set package 'my_explorer' build argument 'cmake_args' from command line to 'None'
[0.641s] Level 5:colcon.colcon_core.verb:set package 'my_explorer' build argument 'cmake_target' from command line to 'None'
[0.641s] Level 5:colcon.colcon_core.verb:set package 'my_explorer' build argument 'cmake_target_skip_unavailable' from command line to 'False'
[0.641s] Level 5:colcon.colcon_core.verb:set package 'my_explorer' build argument 'cmake_clean_cache' from command line to 'False'
[0.641s] Level 5:colcon.colcon_core.verb:set package 'my_explorer' build argument 'cmake_clean_first' from command line to 'False'
[0.641s] Level 5:colcon.colcon_core.verb:set package 'my_explorer' build argument 'cmake_force_configure' from command line to 'False'
[0.641s] Level 5:colcon.colcon_core.verb:set package 'my_explorer' build argument 'ament_cmake_args' from command line to 'None'
[0.641s] Level 5:colcon.colcon_core.verb:set package 'my_explorer' build argument 'catkin_cmake_args' from command line to 'None'
[0.641s] Level 5:colcon.colcon_core.verb:set package 'my_explorer' build argument 'catkin_skip_building_tests' from command line to 'False'
[0.641s] DEBUG:colcon.colcon_core.verb:Building package 'my_explorer' with the following arguments: {'ament_cmake_args': None, 'build_base': '/home/mayuresh/turtlebot3_ws/src/my_explorer/build/my_explorer', 'catkin_cmake_args': None, 'catkin_skip_building_tests': False, 'cmake_args': None, 'cmake_clean_cache': False, 'cmake_clean_first': False, 'cmake_force_configure': False, 'cmake_target': None, 'cmake_target_skip_unavailable': False, 'install_base': '/home/mayuresh/turtlebot3_ws/src/my_explorer/install/my_explorer', 'merge_install': False, 'path': '/home/mayuresh/turtlebot3_ws/src/my_explorer', 'symlink_install': False, 'test_result_base': None}
[0.642s] INFO:colcon.colcon_core.executor:Executing jobs using 'parallel' executor
[0.643s] DEBUG:colcon.colcon_parallel_executor.executor.parallel:run_until_complete
[0.643s] INFO:colcon.colcon_ros.task.ament_python.build:Building ROS package in '/home/mayuresh/turtlebot3_ws/src/my_explorer' with build type 'ament_python'
[0.643s] Level 1:colcon.colcon_core.shell:create_environment_hook('my_explorer', 'ament_prefix_path')
[0.647s] INFO:colcon.colcon_core.plugin_system:Skipping extension 'colcon_core.shell.bat': Not used on non-Windows systems
[0.647s] INFO:colcon.colcon_core.shell:Creating environment hook '/home/mayuresh/turtlebot3_ws/src/my_explorer/install/my_explorer/share/my_explorer/hook/ament_prefix_path.ps1'
[0.648s] INFO:colcon.colcon_core.shell:Creating environment descriptor '/home/mayuresh/turtlebot3_ws/src/my_explorer/install/my_explorer/share/my_explorer/hook/ament_prefix_path.dsv'
[0.648s] INFO:colcon.colcon_core.shell:Creating environment hook '/home/mayuresh/turtlebot3_ws/src/my_explorer/install/my_explorer/share/my_explorer/hook/ament_prefix_path.sh'
[0.649s] INFO:colcon.colcon_core.shell:Skip shell extension 'powershell' for command environment: Not usable outside of PowerShell
[0.649s] DEBUG:colcon.colcon_core.shell:Skip shell extension 'dsv' for command environment
[0.967s] INFO:colcon.colcon_core.task.python.build:Building Python package in '/home/mayuresh/turtlebot3_ws/src/my_explorer'
[0.967s] INFO:colcon.colcon_core.shell:Skip shell extension 'powershell' for command environment: Not usable outside of PowerShell
[0.967s] DEBUG:colcon.colcon_core.shell:Skip shell extension 'dsv' for command environment
[1.461s] DEBUG:colcon.colcon_core.event_handler.log_command:Invoking command in '/home/mayuresh/turtlebot3_ws/src/my_explorer': PYTHONPATH=/home/mayuresh/turtlebot3_ws/src/my_explorer/build/my_explorer/prefix_override:/usr/lib/python3/dist-packages/colcon_core/task/python/colcon_distutils_commands:/home/mayuresh/turtlebot3_ws/src/my_explorer/install/my_explorer/lib/python3.10/site-packages:${PYTHONPATH} /usr/bin/python3 -W ignore:setup.py install is deprecated -W ignore:easy_install command is deprecated setup.py egg_info --egg-base build/my_explorer build --build-base /home/mayuresh/turtlebot3_ws/src/my_explorer/build/my_explorer/build install --record /home/mayuresh/turtlebot3_ws/src/my_explorer/build/my_explorer/install.log --single-version-externally-managed install_data
[1.799s] DEBUG:colcon.colcon_core.event_handler.log_command:Invoked command in '/home/mayuresh/turtlebot3_ws/src/my_explorer' returned '0': PYTHONPATH=/home/mayuresh/turtlebot3_ws/src/my_explorer/build/my_explorer/prefix_override:/usr/lib/python3/dist-packages/colcon_core/task/python/colcon_distutils_commands:/home/mayuresh/turtlebot3_ws/src/my_explorer/install/my_explorer/lib/python3.10/site-packages:${PYTHONPATH} /usr/bin/python3 -W ignore:setup.py install is deprecated -W ignore:easy_install command is deprecated setup.py egg_info --egg-base build/my_explorer build --build-base /home/mayuresh/turtlebot3_ws/src/my_explorer/build/my_explorer/build install --record /home/mayuresh/turtlebot3_ws/src/my_explorer/build/my_explorer/install.log --single-version-externally-managed install_data
[1.805s] Level 1:colcon.colcon_core.environment:checking '/home/mayuresh/turtlebot3_ws/src/my_explorer/install/my_explorer' for CMake module files
[1.805s] Level 1:colcon.colcon_core.environment:checking '/home/mayuresh/turtlebot3_ws/src/my_explorer/install/my_explorer' for CMake config files
[1.806s] Level 1:colcon.colcon_core.environment:checking '/home/mayuresh/turtlebot3_ws/src/my_explorer/install/my_explorer/lib'
[1.806s] Level 1:colcon.colcon_core.environment:checking '/home/mayuresh/turtlebot3_ws/src/my_explorer/install/my_explorer/bin'
[1.806s] Level 1:colcon.colcon_core.environment:checking '/home/mayuresh/turtlebot3_ws/src/my_explorer/install/my_explorer/lib/pkgconfig/my_explorer.pc'
[1.807s] Level 1:colcon.colcon_core.environment:checking '/home/mayuresh/turtlebot3_ws/src/my_explorer/install/my_explorer/lib/python3.10/site-packages'
[1.807s] Level 1:colcon.colcon_core.shell:create_environment_hook('my_explorer', 'pythonpath')
[1.807s] INFO:colcon.colcon_core.shell:Creating environment hook '/home/mayuresh/turtlebot3_ws/src/my_explorer/install/my_explorer/share/my_explorer/hook/pythonpath.ps1'
[1.807s] INFO:colcon.colcon_core.shell:Creating environment descriptor '/home/mayuresh/turtlebot3_ws/src/my_explorer/install/my_explorer/share/my_explorer/hook/pythonpath.dsv'
[1.808s] INFO:colcon.colcon_core.shell:Creating environment hook '/home/mayuresh/turtlebot3_ws/src/my_explorer/install/my_explorer/share/my_explorer/hook/pythonpath.sh'
[1.808s] Level 1:colcon.colcon_core.environment:checking '/home/mayuresh/turtlebot3_ws/src/my_explorer/install/my_explorer/bin'
[1.808s] Level 1:colcon.colcon_core.environment:create_environment_scripts_only(my_explorer)
[1.809s] INFO:colcon.colcon_core.shell:Creating package script '/home/mayuresh/turtlebot3_ws/src/my_explorer/install/my_explorer/share/my_explorer/package.ps1'
[1.810s] INFO:colcon.colcon_core.shell:Creating package descriptor '/home/mayuresh/turtlebot3_ws/src/my_explorer/install/my_explorer/share/my_explorer/package.dsv'
[1.811s] INFO:colcon.colcon_core.shell:Creating package script '/home/mayuresh/turtlebot3_ws/src/my_explorer/install/my_explorer/share/my_explorer/package.sh'
[1.812s] INFO:colcon.colcon_core.shell:Creating package script '/home/mayuresh/turtlebot3_ws/src/my_explorer/install/my_explorer/share/my_explorer/package.bash'
[1.813s] INFO:colcon.colcon_core.shell:Creating package script '/home/mayuresh/turtlebot3_ws/src/my_explorer/install/my_explorer/share/my_explorer/package.zsh'
[1.814s] Level 1:colcon.colcon_core.environment:create_file_with_runtime_dependencies(/home/mayuresh/turtlebot3_ws/src/my_explorer/install/my_explorer/share/colcon-core/packages/my_explorer)
[1.814s] DEBUG:colcon.colcon_parallel_executor.executor.parallel:closing loop
[1.814s] DEBUG:colcon.colcon_parallel_executor.executor.parallel:loop closed
[1.814s] DEBUG:colcon.colcon_parallel_executor.executor.parallel:run_until_complete finished with '0'
[1.814s] DEBUG:colcon.colcon_core.event_reactor:joining thread
[1.821s] INFO:colcon.colcon_core.plugin_system:Skipping extension 'colcon_notification.desktop_notification.terminal_notifier': Not used on non-Darwin systems
[1.821s] INFO:colcon.colcon_core.plugin_system:Skipping extension 'colcon_notification.desktop_notification.win32': Not used on non-Windows systems
[1.821s] INFO:colcon.colcon_notification.desktop_notification:Sending desktop notification using 'notify2'
[1.846s] DEBUG:colcon.colcon_core.event_reactor:joined thread
[1.846s] INFO:colcon.colcon_core.shell:Creating prefix script '/home/mayuresh/turtlebot3_ws/src/my_explorer/install/local_setup.ps1'
[1.848s] INFO:colcon.colcon_core.shell:Creating prefix util module '/home/mayuresh/turtlebot3_ws/src/my_explorer/install/_local_setup_util_ps1.py'
[1.849s] INFO:colcon.colcon_core.shell:Creating prefix chain script '/home/mayuresh/turtlebot3_ws/src/my_explorer/install/setup.ps1'
[1.852s] INFO:colcon.colcon_core.shell:Creating prefix script '/home/mayuresh/turtlebot3_ws/src/my_explorer/install/local_setup.sh'
[1.852s] INFO:colcon.colcon_core.shell:Creating prefix util module '/home/mayuresh/turtlebot3_ws/src/my_explorer/install/_local_setup_util_sh.py'
[1.853s] INFO:colcon.colcon_core.shell:Creating prefix chain script '/home/mayuresh/turtlebot3_ws/src/my_explorer/install/setup.sh'
[1.855s] INFO:colcon.colcon_core.shell:Creating prefix script '/home/mayuresh/turtlebot3_ws/src/my_explorer/install/local_setup.bash'
[1.856s] INFO:colcon.colcon_core.shell:Creating prefix chain script '/home/mayuresh/turtlebot3_ws/src/my_explorer/install/setup.bash'
[1.858s] INFO:colcon.colcon_core.shell:Creating prefix script '/home/mayuresh/turtlebot3_ws/src/my_explorer/install/local_setup.zsh'
[1.858s] INFO:colcon.colcon_core.shell:Creating prefix chain script '/home/mayuresh/turtlebot3_ws/src/my_explorer/install/setup.zsh'
