[0.396s] Invoking command in '/home/mayuresh/turtlebot3_ws/src/my_explorer': PYTHONPATH=/home/mayuresh/turtlebot3_ws/src/my_explorer/build/my_explorer/prefix_override:/usr/lib/python3/dist-packages/colcon_core/task/python/colcon_distutils_commands:/home/mayuresh/turtlebot3_ws/src/my_explorer/install/my_explorer/lib/python3.10/site-packages:${PYTHONPATH} /usr/bin/python3 -W ignore:setup.py install is deprecated -W ignore:easy_install command is deprecated setup.py egg_info --egg-base build/my_explorer build --build-base /home/mayuresh/turtlebot3_ws/src/my_explorer/build/my_explorer/build install --record /home/mayuresh/turtlebot3_ws/src/my_explorer/build/my_explorer/install.log --single-version-externally-managed install_data
[0.551s] running egg_info
[0.552s] writing build/my_explorer/my_explorer.egg-info/PKG-INFO
[0.553s] writing dependency_links to build/my_explorer/my_explorer.egg-info/dependency_links.txt
[0.553s] writing entry points to build/my_explorer/my_explorer.egg-info/entry_points.txt
[0.553s] writing requirements to build/my_explorer/my_explorer.egg-info/requires.txt
[0.553s] writing top-level names to build/my_explorer/my_explorer.egg-info/top_level.txt
[0.554s] reading manifest file 'build/my_explorer/my_explorer.egg-info/SOURCES.txt'
[0.554s] writing manifest file 'build/my_explorer/my_explorer.egg-info/SOURCES.txt'
[0.554s] running build
[0.554s] running build_py
[0.554s] running install
[0.555s] running install_lib
[0.555s] running install_data
[0.555s] copying config/nav2_params.yaml -> /home/mayuresh/turtlebot3_ws/src/my_explorer/install/my_explorer/share/my_explorer/config
[0.555s] running install_egg_info
[0.557s] removing '/home/mayuresh/turtlebot3_ws/src/my_explorer/install/my_explorer/lib/python3.10/site-packages/my_explorer-0.0.0-py3.10.egg-info' (and everything under it)
[0.557s] Copying build/my_explorer/my_explorer.egg-info to /home/mayuresh/turtlebot3_ws/src/my_explorer/install/my_explorer/lib/python3.10/site-packages/my_explorer-0.0.0-py3.10.egg-info
[0.559s] running install_scripts
[0.572s] Installing run_explorer script to /home/mayuresh/turtlebot3_ws/src/my_explorer/install/my_explorer/lib/my_explorer
[0.572s] writing list of installed files to '/home/mayuresh/turtlebot3_ws/src/my_explorer/build/my_explorer/install.log'
[0.586s] Invoked command in '/home/mayuresh/turtlebot3_ws/src/my_explorer' returned '0': PYTHONPATH=/home/mayuresh/turtlebot3_ws/src/my_explorer/build/my_explorer/prefix_override:/usr/lib/python3/dist-packages/colcon_core/task/python/colcon_distutils_commands:/home/mayuresh/turtlebot3_ws/src/my_explorer/install/my_explorer/lib/python3.10/site-packages:${PYTHONPATH} /usr/bin/python3 -W ignore:setup.py install is deprecated -W ignore:easy_install command is deprecated setup.py egg_info --egg-base build/my_explorer build --build-base /home/mayuresh/turtlebot3_ws/src/my_explorer/build/my_explorer/build install --record /home/mayuresh/turtlebot3_ws/src/my_explorer/build/my_explorer/install.log --single-version-externally-managed install_data
